{
  "RSpec": {
    "coverage": {
      "/home/Andru94/tic-tac-toe-rb-v-000/lib/tic_tac_toe.rb": [
        null,
        1,
        null,
        null,
        null,
        null,
        null,
        null,
        null,
        null,
        null,
        1,
        19,
        19,
        19,
        19,
        19,
        null,
        null,
        1,
        19,
        null,
        null,
        1,
        18,
        null,
        null,
        null,
        1,
        23,
        20,
        3,
        0,
        3,
        3,
        null,
        0,
        null,
        null,
        null,
        1,
        19,
        1,
        18,
        16,
        null,
        2,
        null,
        null,
        null,
        1,
        15,
        15,
        15,
        15,
        14,
        14,
        null,
        1,
        1,
        1,
        1,
        null,
        null,
        null,
        1,
        2,
        null,
        2,
        18,
        5,
        null,
        null,
        null,
        2,
        null,
        null,
        1,
        1,
        1,
        null,
        0,
        null,
        null,
        null,
        1,
        44,
        281,
        281,
        281,
        281,
        281,
        281,
        null,
        281,
        11,
        270,
        2,
        null,
        null,
        31,
        null,
        null,
        1,
        107,
        null,
        null,
        1,
        18,
        2,
        16,
        7,
        null,
        9,
        null,
        null,
        null,
        1,
        17,
        10,
        null,
        7,
        null,
        null,
        null,
        1,
        3,
        20,
        20,
        20,
        20,
        20,
        20,
        null,
        20,
        1,
        19,
        1,
        null,
        null,
        null,
        null,
        null,
        1,
        12,
        13,
        null,
        null,
        12,
        6,
        6,
        3,
        null,
        null
      ]
    },
    "timestamp": 1609140725
  }
}
