{
  "RSpec": {
    "coverage": {
      "/home/Andru94/tic-tac-toe-rb-v-000/lib/tic_tac_toe.rb": [
        null,
        1,
        null,
        null,
        null,
        null,
        null,
        null,
        null,
        null,
        null,
        1,
        5,
        5,
        5,
        5,
        5,
        null,
        null,
        1,
        13,
        null,
        null,
        1,
        3,
        null,
        null,
        null,
        1,
        17,
        14,
        3,
        0,
        3,
        3,
        null,
        0,
        null,
        null,
        null,
        1,
        13,
        1,
        12,
        10,
        null,
        2,
        null,
        null,
        null,
        1,
        9,
        9,
        9,
        9,
        8,
        0,
        null,
        1,
        1,
        1,
        1,
        null,
        null,
        null,
        1,
        2,
        null,
        2,
        18,
        5,
        null,
        null,
        null,
        2,
        null,
        null,
        1,
        1,
        1,
        null,
        0,
        null,
        null,
        null,
        1,
        28,
        174,
        174,
        174,
        174,
        174,
        174,
        null,
        174,
        8,
        166,
        2,
        null,
        null,
        18,
        null,
        null,
        1,
        90,
        null,
        null,
        1,
        13,
        2,
        11,
        7,
        null,
        4,
        null,
        null,
        null,
        1,
        11,
        7,
        null,
        4,
        null,
        null,
        null,
        1,
        6,
        25,
        25,
        25,
        25,
        25,
        25,
        null,
        25,
        3,
        22,
        2,
        null,
        null,
        null,
        null,
        null,
        1,
        12,
        7,
        null,
        null,
        5,
        3,
        2,
        2,
        null,
        null
      ]
    },
    "timestamp": 1609141135
  }
}
